# JRE version: OpenJDK Runtime Environment Temurin-21.0.10+7 (21.0.10+7) (build 21.0.10+7-LTS)
# Java VM: OpenJDK 64-Bit Server VM Temurin-21.0.10+7 (21.0.10+7-LTS, mixed mode, sharing, tiered, compressed oops, compressed class ptrs, parallel gc, windows-amd64)
GC Precious Log:
 CardTable entry size: 512
 CPUs: 8 total, 8 available
 Memory: 7865M
 Large Page Support: Disabled
 NUMA Support: Disabled
 Compressed Oops: Enabled (32-bit)
 Alignments: Space 512K, Generation 512K, Heap 2M
 Heap Min Capacity: 100M
 Heap Initial Capacity: 100M
 Heap Max Capacity: 2G
 Pre-touch: Disabled
 Parallel Workers: 8
Heap:
 PSYoungGen      total 10240K, used 8354K [0x00000000d5580000, 0x00000000d6380000, 0x0000000100000000)
  eden space 9216K, 83% used [0x00000000d5580000,0x00000000d5d039a0,0x00000000d5e80000)
  from space 1024K, 64% used [0x00000000d6280000,0x00000000d6325200,0x00000000d6380000)
  to   space 1536K, 0% used [0x00000000d6080000,0x00000000d6080000,0x00000000d6200000)
 ParOldGen       total 676864K, used 465042K [0x0000000080000000, 0x00000000a9500000, 0x00000000d5580000)
  object space 676864K, 68% used [0x0000000080000000,0x000000009c624970,0x00000000a9500000)
 Metaspace       used 97327K, committed 99072K, reserved 1179648K
  class space    used 10053K, committed 10880K, reserved 1048576K
GC Heap History (20 events):
Event: 41235.624 GC heap before
{Heap before GC invocations=1400 (full 5):
 PSYoungGen      total 14336K, used 14329K [0x00000000d5580000, 0x00000000d6880000, 0x0000000100000000)
  eden space 12800K, 100% used [0x00000000d5580000,0x00000000d6200000,0x00000000d6200000)
  from space 1536K, 99% used [0x00000000d6700000,0x00000000d687e410,0x00000000d6880000)
  to   space 2048K, 0% used [0x00000000d6480000,0x00000000d6480000,0x00000000d6680000)
 ParOldGen       total 676864K, used 453231K [0x0000000080000000, 0x00000000a9500000, 0x00000000d5580000)
  object space 676864K, 66% used [0x0000000080000000,0x000000009ba9bd38,0x00000000a9500000)
 Metaspace       used 97274K, committed 99008K, reserved 1179648K
  class space    used 10053K, committed 10880K, reserved 1048576K
}
Event: 41235.635 GC heap after
{Heap after GC invocations=1400 (full 5):
 PSYoungGen      total 14848K, used 2034K [0x00000000d5580000, 0x00000000d6b00000, 0x0000000100000000)
  eden space 12800K, 0% used [0x00000000d5580000,0x00000000d5580000,0x00000000d6200000)
  from space 2048K, 99% used [0x00000000d6480000,0x00000000d667c818,0x00000000d6680000)
  to   space 4608K, 0% used [0x00000000d6680000,0x00000000d6680000,0x00000000d6b00000)
 ParOldGen       total 676864K, used 455105K [0x0000000080000000, 0x00000000a9500000, 0x00000000d5580000)
  object space 676864K, 67% used [0x0000000080000000,0x000000009bc70628,0x00000000a9500000)
 Metaspace       used 97274K, committed 99008K, reserved 1179648K
  class space    used 10053K, committed 10880K, reserved 1048576K
}
Event: 41236.238 GC heap before
{Heap before GC invocations=1401 (full 5):
 PSYoungGen      total 14848K, used 14748K [0x00000000d5580000, 0x00000000d6b00000, 0x0000000100000000)
  eden space 12800K, 99% used [0x00000000d5580000,0x00000000d61eaa30,0x00000000d6200000)
  from space 2048K, 99% used [0x00000000d6480000,0x00000000d667c818,0x00000000d6680000)
  to   space 4608K, 0% used [0x00000000d6680000,0x00000000d6680000,0x00000000d6b00000)
 ParOldGen       total 676864K, used 455105K [0x0000000080000000, 0x00000000a9500000, 0x00000000d5580000)
  object space 676864K, 67% used [0x0000000080000000,0x000000009bc70628,0x00000000a9500000)
 Metaspace       used 97274K, committed 99008K, reserved 1179648K
  class space    used 10053K, committed 10880K, reserved 1048576K
}
Event: 41236.247 GC heap after
{Heap after GC invocations=1401 (full 5):
 PSYoungGen      total 13312K, used 448K [0x00000000d5580000, 0x00000000d6700000, 0x0000000100000000)
  eden space 12800K, 0% used [0x00000000d5580000,0x00000000d5580000,0x00000000d6200000)
  from space 512K, 87% used [0x00000000d6680000,0x00000000d66f0000,0x00000000d6700000)
  to   space 2048K, 0% used [0x00000000d6300000,0x00000000d6300000,0x00000000d6500000)
 ParOldGen       total 676864K, used 455297K [0x0000000080000000, 0x00000000a9500000, 0x00000000d5580000)
  object space 676864K, 67% used [0x0000000080000000,0x000000009bca0628,0x00000000a9500000)
 Metaspace       used 97274K, committed 99008K, reserved 1179648K
  class space    used 10053K, committed 10880K, reserved 1048576K
}
Event: 41240.256 GC heap before
{Heap before GC invocations=1402 (full 5):
 PSYoungGen      total 13312K, used 13247K [0x00000000d5580000, 0x00000000d6700000, 0x0000000100000000)
  eden space 12800K, 99% used [0x00000000d5580000,0x00000000d61ffff8,0x00000000d6200000)
  from space 512K, 87% used [0x00000000d6680000,0x00000000d66f0000,0x00000000d6700000)
  to   space 2048K, 0% used [0x00000000d6300000,0x00000000d6300000,0x00000000d6500000)
 ParOldGen       total 676864K, used 455297K [0x0000000080000000, 0x00000000a9500000, 0x00000000d5580000)
  object space 676864K, 67% used [0x0000000080000000,0x000000009bca0628,0x00000000a9500000)
 Metaspace       used 97289K, committed 99008K, reserved 1179648K
  class space    used 10053K, committed 10880K, reserved 1048576K
}
Event: 41240.263 GC heap after
{Heap after GC invocations=1402 (full 5):
 PSYoungGen      total 14848K, used 852K [0x00000000d5580000, 0x00000000d6700000, 0x0000000100000000)
  eden space 12800K, 0% used [0x00000000d5580000,0x00000000d5580000,0x00000000d6200000)
  from space 2048K, 41% used [0x00000000d6300000,0x00000000d63d5200,0x00000000d6500000)
  to   space 1024K, 0% used [0x00000000d6600000,0x00000000d6600000,0x00000000d6700000)
 ParOldGen       total 676864K, used 455603K [0x0000000080000000, 0x00000000a9500000, 0x00000000d5580000)
  object space 676864K, 67% used [0x0000000080000000,0x000000009bceccc0,0x00000000a9500000)
 Metaspace       used 97289K, committed 99008K, reserved 1179648K
  class space    used 10053K, committed 10880K, reserved 1048576K
}
Event: 41240.642 GC heap before
{Heap before GC invocations=1403 (full 5):
 PSYoungGen      total 14848K, used 13652K [0x00000000d5580000, 0x00000000d6700000, 0x0000000100000000)
  eden space 12800K, 99% used [0x00000000d5580000,0x00000000d61ffff0,0x00000000d6200000)
  from space 2048K, 41% used [0x00000000d6300000,0x00000000d63d5200,0x00000000d6500000)
  to   space 1024K, 0% used [0x00000000d6600000,0x00000000d6600000,0x00000000d6700000)
 ParOldGen       total 676864K, used 455603K [0x0000000080000000, 0x00000000a9500000, 0x00000000d5580000)
  object space 676864K, 67% used [0x0000000080000000,0x000000009bceccc0,0x00000000a9500000)
 Metaspace       used 97291K, committed 99008K, reserved 1179648K
  class space    used 10053K, committed 10880K, reserved 1048576K
}
Event: 41240.648 GC heap after
{Heap after GC invocations=1403 (full 5):
 PSYoungGen      total 13824K, used 996K [0x00000000d5580000, 0x00000000d6700000, 0x0000000100000000)
  eden space 12800K, 0% used [0x00000000d5580000,0x00000000d5580000,0x00000000d6200000)
  from space 1024K, 97% used [0x00000000d6600000,0x00000000d66f9230,0x00000000d6700000)
  to   space 2560K, 0% used [0x00000000d6200000,0x00000000d6200000,0x00000000d6480000)
 ParOldGen       total 676864K, used 456519K [0x0000000080000000, 0x00000000a9500000, 0x00000000d5580000)
  object space 676864K, 67% used [0x0000000080000000,0x000000009bdd1f00,0x00000000a9500000)
 Metaspace       used 97291K, committed 99008K, reserved 1179648K
  class space    used 10053K, committed 10880K, reserved 1048576K
}
Event: 41241.736 GC heap before
{Heap before GC invocations=1404 (full 5):
 PSYoungGen      total 13824K, used 13796K [0x00000000d5580000, 0x00000000d6700000, 0x0000000100000000)
  eden space 12800K, 100% used [0x00000000d5580000,0x00000000d6200000,0x00000000d6200000)
  from space 1024K, 97% used [0x00000000d6600000,0x00000000d66f9230,0x00000000d6700000)
  to   space 2560K, 0% used [0x00000000d6200000,0x00000000d6200000,0x00000000d6480000)
 ParOldGen       total 676864K, used 456519K [0x0000000080000000, 0x00000000a9500000, 0x00000000d5580000)
  object space 676864K, 67% used [0x0000000080000000,0x000000009bdd1f00,0x00000000a9500000)
 Metaspace       used 97291K, committed 99008K, reserved 1179648K
  class space    used 10053K, committed 10880K, reserved 1048576K
}
Event: 41241.742 GC heap after
{Heap after GC invocations=1404 (full 5):
 PSYoungGen      total 15360K, used 544K [0x00000000d5580000, 0x00000000d6680000, 0x0000000100000000)
  eden space 12800K, 0% used [0x00000000d5580000,0x00000000d5580000,0x00000000d6200000)
  from space 2560K, 21% used [0x00000000d6200000,0x00000000d6288000,0x00000000d6480000)
  to   space 1536K, 0% used [0x00000000d6500000,0x00000000d6500000,0x00000000d6680000)
 ParOldGen       total 676864K, used 457502K [0x0000000080000000, 0x00000000a9500000, 0x00000000d5580000)
  object space 676864K, 67% used [0x0000000080000000,0x000000009bec78d0,0x00000000a9500000)
 Metaspace       used 97291K, committed 99008K, reserved 1179648K
  class space    used 10053K, committed 10880K, reserved 1048576K
}
Event: 41251.928 GC heap before
{Heap before GC invocations=1405 (full 5):
 PSYoungGen      total 15360K, used 13344K [0x00000000d5580000, 0x00000000d6680000, 0x0000000100000000)
  eden space 12800K, 100% used [0x00000000d5580000,0x00000000d6200000,0x00000000d6200000)
  from space 2560K, 21% used [0x00000000d6200000,0x00000000d6288000,0x00000000d6480000)
  to   space 1536K, 0% used [0x00000000d6500000,0x00000000d6500000,0x00000000d6680000)
 ParOldGen       total 676864K, used 457502K [0x0000000080000000, 0x00000000a9500000, 0x00000000d5580000)
  object space 676864K, 67% used [0x0000000080000000,0x000000009bec78d0,0x00000000a9500000)
 Metaspace       used 97291K, committed 99008K, reserved 1179648K
  class space    used 10053K, committed 10880K, reserved 1048576K
}
Event: 41251.934 GC heap after
{Heap after GC invocations=1405 (full 5):
 PSYoungGen      total 13824K, used 756K [0x00000000d5580000, 0x00000000d6600000, 0x0000000100000000)
  eden space 12800K, 0% used [0x00000000d5580000,0x00000000d5580000,0x00000000d6200000)
  from space 1024K, 73% used [0x00000000d6500000,0x00000000d65bd200,0x00000000d6600000)
  to   space 1024K, 0% used [0x00000000d6400000,0x00000000d6400000,0x00000000d6500000)
 ParOldGen       total 676864K, used 457924K [0x0000000080000000, 0x00000000a9500000, 0x00000000d5580000)
  object space 676864K, 67% used [0x0000000080000000,0x000000009bf31050,0x00000000a9500000)
 Metaspace       used 97291K, committed 99008K, reserved 1179648K
  class space    used 10053K, committed 10880K, reserved 1048576K
}
Event: 41256.021 GC heap before
{Heap before GC invocations=1406 (full 5):
 PSYoungGen      total 13824K, used 13556K [0x00000000d5580000, 0x00000000d6600000, 0x0000000100000000)
  eden space 12800K, 100% used [0x00000000d5580000,0x00000000d6200000,0x00000000d6200000)
  from space 1024K, 73% used [0x00000000d6500000,0x00000000d65bd200,0x00000000d6600000)
  to   space 1024K, 0% used [0x00000000d6400000,0x00000000d6400000,0x00000000d6500000)
 ParOldGen       total 676864K, used 457924K [0x0000000080000000, 0x00000000a9500000, 0x00000000d5580000)
  object space 676864K, 67% used [0x0000000080000000,0x000000009bf31050,0x00000000a9500000)
 Metaspace       used 97292K, committed 99008K, reserved 1179648K
  class space    used 10053K, committed 10880K, reserved 1048576K
}
Event: 41256.028 GC heap after
{Heap after GC invocations=1406 (full 5):
 PSYoungGen      total 13824K, used 698K [0x00000000d5580000, 0x00000000d6580000, 0x0000000100000000)
  eden space 12800K, 0% used [0x00000000d5580000,0x00000000d5580000,0x00000000d6200000)
  from space 1024K, 68% used [0x00000000d6400000,0x00000000d64ae900,0x00000000d6500000)
  to   space 512K, 0% used [0x00000000d6500000,0x00000000d6500000,0x00000000d6580000)
 ParOldGen       total 676864K, used 458616K [0x0000000080000000, 0x00000000a9500000, 0x00000000d5580000)
  object space 676864K, 67% used [0x0000000080000000,0x000000009bfde270,0x00000000a9500000)
 Metaspace       used 97292K, committed 99008K, reserved 1179648K
  class space    used 10053K, committed 10880K, reserved 1048576K
}
Event: 41256.081 GC heap before
{Heap before GC invocations=1407 (full 5):
 PSYoungGen      total 13824K, used 13485K [0x00000000d5580000, 0x00000000d6580000, 0x0000000100000000)
  eden space 12800K, 99% used [0x00000000d5580000,0x00000000d61fccb0,0x00000000d6200000)
  from space 1024K, 68% used [0x00000000d6400000,0x00000000d64ae900,0x00000000d6500000)
  to   space 512K, 0% used [0x00000000d6500000,0x00000000d6500000,0x00000000d6580000)
 ParOldGen       total 676864K, used 458616K [0x0000000080000000, 0x00000000a9500000, 0x00000000d5580000)
  object space 676864K, 67% used [0x0000000080000000,0x000000009bfde270,0x00000000a9500000)
 Metaspace       used 97295K, committed 99072K, reserved 1179648K
  class space    used 10053K, committed 10880K, reserved 1048576K
}
Event: 41256.096 GC heap after
{Heap after GC invocations=1407 (full 5):
 PSYoungGen      total 9728K, used 493K [0x00000000d5580000, 0x00000000d6f00000, 0x0000000100000000)
  eden space 9216K, 0% used [0x00000000d5580000,0x00000000d5580000,0x00000000d5e80000)
  from space 512K, 96% used [0x00000000d6500000,0x00000000d657b5f0,0x00000000d6580000)
  to   space 6656K, 0% used [0x00000000d5e80000,0x00000000d5e80000,0x00000000d6500000)
 ParOldGen       total 676864K, used 463662K [0x0000000080000000, 0x00000000a9500000, 0x00000000d5580000)
  object space 676864K, 68% used [0x0000000080000000,0x000000009c4cb958,0x00000000a9500000)
 Metaspace       used 97295K, committed 99072K, reserved 1179648K
  class space    used 10053K, committed 10880K, reserved 1048576K
}
Event: 41256.175 GC heap before
{Heap before GC invocations=1408 (full 5):
 PSYoungGen      total 9728K, used 9709K [0x00000000d5580000, 0x00000000d6f00000, 0x0000000100000000)
  eden space 9216K, 100% used [0x00000000d5580000,0x00000000d5e80000,0x00000000d5e80000)
  from space 512K, 96% used [0x00000000d6500000,0x00000000d657b5f0,0x00000000d6580000)
  to   space 6656K, 0% used [0x00000000d5e80000,0x00000000d5e80000,0x00000000d6500000)
 ParOldGen       total 676864K, used 463662K [0x0000000080000000, 0x00000000a9500000, 0x00000000d5580000)
  object space 676864K, 68% used [0x0000000080000000,0x000000009c4cb958,0x00000000a9500000)
 Metaspace       used 97297K, committed 99072K, reserved 1179648K
  class space    used 10053K, committed 10880K, reserved 1048576K
}
Event: 41256.180 GC heap after
{Heap after GC invocations=1408 (full 5):
 PSYoungGen      total 11264K, used 1588K [0x00000000d5580000, 0x00000000d6580000, 0x0000000100000000)
  eden space 9216K, 0% used [0x00000000d5580000,0x00000000d5580000,0x00000000d5e80000)
  from space 2048K, 77% used [0x00000000d5e80000,0x00000000d600d200,0x00000000d6080000)
  to   space 3072K, 0% used [0x00000000d6280000,0x00000000d6280000,0x00000000d6580000)
 ParOldGen       total 676864K, used 463752K [0x0000000080000000, 0x00000000a9500000, 0x00000000d5580000)
  object space 676864K, 68% used [0x0000000080000000,0x000000009c4e2258,0x00000000a9500000)
 Metaspace       used 97297K, committed 99072K, reserved 1179648K
  class space    used 10053K, committed 10880K, reserved 1048576K
}
Event: 41256.233 GC heap before
{Heap before GC invocations=1409 (full 5):
 PSYoungGen      total 11264K, used 10804K [0x00000000d5580000, 0x00000000d6580000, 0x0000000100000000)
  eden space 9216K, 100% used [0x00000000d5580000,0x00000000d5e80000,0x00000000d5e80000)
  from space 2048K, 77% used [0x00000000d5e80000,0x00000000d600d200,0x00000000d6080000)
  to   space 3072K, 0% used [0x00000000d6280000,0x00000000d6280000,0x00000000d6580000)
 ParOldGen       total 676864K, used 463752K [0x0000000080000000, 0x00000000a9500000, 0x00000000d5580000)
  object space 676864K, 68% used [0x0000000080000000,0x000000009c4e2258,0x00000000a9500000)
 Metaspace       used 97312K, committed 99072K, reserved 1179648K
  class space    used 10053K, committed 10880K, reserved 1048576K
}
Event: 41256.238 GC heap after
{Heap after GC invocations=1409 (full 5):
 PSYoungGen      total 10240K, used 660K [0x00000000d5580000, 0x00000000d6380000, 0x0000000100000000)
  eden space 9216K, 0% used [0x00000000d5580000,0x00000000d5580000,0x00000000d5e80000)
  from space 1024K, 64% used [0x00000000d6280000,0x00000000d6325200,0x00000000d6380000)
  to   space 1536K, 0% used [0x00000000d6080000,0x00000000d6080000,0x00000000d6200000)
 ParOldGen       total 676864K, used 465042K [0x0000000080000000, 0x00000000a9500000, 0x00000000d5580000)
  object space 676864K, 68% used [0x0000000080000000,0x000000009c624970,0x00000000a9500000)
 Metaspace       used 97312K, committed 99072K, reserved 1179648K
  class space    used 10053K, committed 10880K, reserved 1048576K
}

