# JRE version: OpenJDK Runtime Environment Temurin-21.0.10+7 (21.0.10+7) (build 21.0.10+7-LTS)
# Java VM: OpenJDK 64-Bit Server VM Temurin-21.0.10+7 (21.0.10+7-LTS, mixed mode, sharing, tiered, compressed oops, compressed class ptrs, parallel gc, windows-amd64)
GC Precious Log:
 CardTable entry size: 512
 CPUs: 8 total, 8 available
 Memory: 7865M
 Large Page Support: Disabled
 NUMA Support: Disabled
 Compressed Oops: Enabled (32-bit)
 Alignments: Space 512K, Generation 512K, Heap 2M
 Heap Min Capacity: 100M
 Heap Initial Capacity: 100M
 Heap Max Capacity: 2G
 Pre-touch: Disabled
 Parallel Workers: 8
Heap:
 PSYoungGen      total 18944K, used 544K [0x00000000d5580000, 0x00000000d6900000, 0x0000000100000000)
  eden space 17920K, 0% used [0x00000000d5580000,0x00000000d5580000,0x00000000d6700000)
  from space 1024K, 53% used [0x00000000d6700000,0x00000000d6788000,0x00000000d6800000)
  to   space 1024K, 0% used [0x00000000d6800000,0x00000000d6800000,0x00000000d6900000)
 ParOldGen       total 83456K, used 83158K [0x0000000080000000, 0x0000000085180000, 0x00000000d5580000)
  object space 83456K, 99% used [0x0000000080000000,0x00000000851359c8,0x0000000085180000)
 Metaspace       used 67208K, committed 68800K, reserved 1114112K
  class space    used 6907K, committed 7616K, reserved 1048576K
GC Heap History (20 events):
Event: 111.979 GC heap after
{Heap after GC invocations=68 (full 3):
 PSYoungGen      total 18944K, used 480K [0x00000000d5580000, 0x00000000d6900000, 0x0000000100000000)
  eden space 17920K, 0% used [0x00000000d5580000,0x00000000d5580000,0x00000000d6700000)
  from space 1024K, 46% used [0x00000000d6700000,0x00000000d67783e0,0x00000000d6800000)
  to   space 1024K, 0% used [0x00000000d6800000,0x00000000d6800000,0x00000000d6900000)
 ParOldGen       total 80384K, used 80051K [0x0000000080000000, 0x0000000084e80000, 0x00000000d5580000)
  object space 80384K, 99% used [0x0000000080000000,0x0000000084e2cd28,0x0000000084e80000)
 Metaspace       used 67022K, committed 68544K, reserved 1114112K
  class space    used 6896K, committed 7552K, reserved 1048576K
}
Event: 112.075 GC heap before
{Heap before GC invocations=69 (full 3):
 PSYoungGen      total 18944K, used 18400K [0x00000000d5580000, 0x00000000d6900000, 0x0000000100000000)
  eden space 17920K, 100% used [0x00000000d5580000,0x00000000d6700000,0x00000000d6700000)
  from space 1024K, 46% used [0x00000000d6700000,0x00000000d67783e0,0x00000000d6800000)
  to   space 1024K, 0% used [0x00000000d6800000,0x00000000d6800000,0x00000000d6900000)
 ParOldGen       total 80384K, used 80051K [0x0000000080000000, 0x0000000084e80000, 0x00000000d5580000)
  object space 80384K, 99% used [0x0000000080000000,0x0000000084e2cd28,0x0000000084e80000)
 Metaspace       used 67033K, committed 68544K, reserved 1114112K
  class space    used 6896K, committed 7552K, reserved 1048576K
}
Event: 112.077 GC heap after
{Heap after GC invocations=69 (full 3):
 PSYoungGen      total 18432K, used 480K [0x00000000d5580000, 0x00000000d6880000, 0x0000000100000000)
  eden space 17920K, 0% used [0x00000000d5580000,0x00000000d5580000,0x00000000d6700000)
  from space 512K, 93% used [0x00000000d6800000,0x00000000d6878000,0x00000000d6880000)
  to   space 512K, 0% used [0x00000000d6780000,0x00000000d6780000,0x00000000d6800000)
 ParOldGen       total 80384K, used 80314K [0x0000000080000000, 0x0000000084e80000, 0x00000000d5580000)
  object space 80384K, 99% used [0x0000000080000000,0x0000000084e6eb58,0x0000000084e80000)
 Metaspace       used 67033K, committed 68544K, reserved 1114112K
  class space    used 6896K, committed 7552K, reserved 1048576K
}
Event: 112.176 GC heap before
{Heap before GC invocations=70 (full 3):
 PSYoungGen      total 18432K, used 18400K [0x00000000d5580000, 0x00000000d6880000, 0x0000000100000000)
  eden space 17920K, 100% used [0x00000000d5580000,0x00000000d6700000,0x00000000d6700000)
  from space 512K, 93% used [0x00000000d6800000,0x00000000d6878000,0x00000000d6880000)
  to   space 512K, 0% used [0x00000000d6780000,0x00000000d6780000,0x00000000d6800000)
 ParOldGen       total 80384K, used 80314K [0x0000000080000000, 0x0000000084e80000, 0x00000000d5580000)
  object space 80384K, 99% used [0x0000000080000000,0x0000000084e6eb58,0x0000000084e80000)
 Metaspace       used 67034K, committed 68544K, reserved 1114112K
  class space    used 6896K, committed 7552K, reserved 1048576K
}
Event: 112.178 GC heap after
{Heap after GC invocations=70 (full 3):
 PSYoungGen      total 18432K, used 480K [0x00000000d5580000, 0x00000000d6880000, 0x0000000100000000)
  eden space 17920K, 0% used [0x00000000d5580000,0x00000000d5580000,0x00000000d6700000)
  from space 512K, 93% used [0x00000000d6780000,0x00000000d67f8000,0x00000000d6800000)
  to   space 512K, 0% used [0x00000000d6800000,0x00000000d6800000,0x00000000d6880000)
 ParOldGen       total 80896K, used 80562K [0x0000000080000000, 0x0000000084f00000, 0x00000000d5580000)
  object space 80896K, 99% used [0x0000000080000000,0x0000000084eacb58,0x0000000084f00000)
 Metaspace       used 67034K, committed 68544K, reserved 1114112K
  class space    used 6896K, committed 7552K, reserved 1048576K
}
Event: 112.227 GC heap before
{Heap before GC invocations=71 (full 3):
 PSYoungGen      total 18432K, used 18400K [0x00000000d5580000, 0x00000000d6880000, 0x0000000100000000)
  eden space 17920K, 100% used [0x00000000d5580000,0x00000000d6700000,0x00000000d6700000)
  from space 512K, 93% used [0x00000000d6780000,0x00000000d67f8000,0x00000000d6800000)
  to   space 512K, 0% used [0x00000000d6800000,0x00000000d6800000,0x00000000d6880000)
 ParOldGen       total 80896K, used 80562K [0x0000000080000000, 0x0000000084f00000, 0x00000000d5580000)
  object space 80896K, 99% used [0x0000000080000000,0x0000000084eacb58,0x0000000084f00000)
 Metaspace       used 67034K, committed 68544K, reserved 1114112K
  class space    used 6896K, committed 7552K, reserved 1048576K
}
Event: 112.229 GC heap after
{Heap after GC invocations=71 (full 3):
 PSYoungGen      total 18432K, used 352K [0x00000000d5580000, 0x00000000d6880000, 0x0000000100000000)
  eden space 17920K, 0% used [0x00000000d5580000,0x00000000d5580000,0x00000000d6700000)
  from space 512K, 68% used [0x00000000d6800000,0x00000000d6858000,0x00000000d6880000)
  to   space 512K, 0% used [0x00000000d6780000,0x00000000d6780000,0x00000000d6800000)
 ParOldGen       total 81408K, used 80898K [0x0000000080000000, 0x0000000084f80000, 0x00000000d5580000)
  object space 81408K, 99% used [0x0000000080000000,0x0000000084f00b68,0x0000000084f80000)
 Metaspace       used 67034K, committed 68544K, reserved 1114112K
  class space    used 6896K, committed 7552K, reserved 1048576K
}
Event: 112.307 GC heap before
{Heap before GC invocations=72 (full 3):
 PSYoungGen      total 18432K, used 18272K [0x00000000d5580000, 0x00000000d6880000, 0x0000000100000000)
  eden space 17920K, 100% used [0x00000000d5580000,0x00000000d6700000,0x00000000d6700000)
  from space 512K, 68% used [0x00000000d6800000,0x00000000d6858000,0x00000000d6880000)
  to   space 512K, 0% used [0x00000000d6780000,0x00000000d6780000,0x00000000d6800000)
 ParOldGen       total 81408K, used 80898K [0x0000000080000000, 0x0000000084f80000, 0x00000000d5580000)
  object space 81408K, 99% used [0x0000000080000000,0x0000000084f00b68,0x0000000084f80000)
 Metaspace       used 67035K, committed 68544K, reserved 1114112K
  class space    used 6896K, committed 7552K, reserved 1048576K
}
Event: 112.309 GC heap after
{Heap after GC invocations=72 (full 3):
 PSYoungGen      total 18432K, used 512K [0x00000000d5580000, 0x00000000d6900000, 0x0000000100000000)
  eden space 17920K, 0% used [0x00000000d5580000,0x00000000d5580000,0x00000000d6700000)
  from space 512K, 100% used [0x00000000d6780000,0x00000000d6800000,0x00000000d6800000)
  to   space 1024K, 0% used [0x00000000d6800000,0x00000000d6800000,0x00000000d6900000)
 ParOldGen       total 81408K, used 81066K [0x0000000080000000, 0x0000000084f80000, 0x00000000d5580000)
  object space 81408K, 99% used [0x0000000080000000,0x0000000084f2ab68,0x0000000084f80000)
 Metaspace       used 67035K, committed 68544K, reserved 1114112K
  class space    used 6896K, committed 7552K, reserved 1048576K
}
Event: 112.357 GC heap before
{Heap before GC invocations=73 (full 3):
 PSYoungGen      total 18432K, used 18432K [0x00000000d5580000, 0x00000000d6900000, 0x0000000100000000)
  eden space 17920K, 100% used [0x00000000d5580000,0x00000000d6700000,0x00000000d6700000)
  from space 512K, 100% used [0x00000000d6780000,0x00000000d6800000,0x00000000d6800000)
  to   space 1024K, 0% used [0x00000000d6800000,0x00000000d6800000,0x00000000d6900000)
 ParOldGen       total 81408K, used 81066K [0x0000000080000000, 0x0000000084f80000, 0x00000000d5580000)
  object space 81408K, 99% used [0x0000000080000000,0x0000000084f2ab68,0x0000000084f80000)
 Metaspace       used 67035K, committed 68544K, reserved 1114112K
  class space    used 6896K, committed 7552K, reserved 1048576K
}
Event: 112.359 GC heap after
{Heap after GC invocations=73 (full 3):
 PSYoungGen      total 18944K, used 544K [0x00000000d5580000, 0x00000000d6900000, 0x0000000100000000)
  eden space 17920K, 0% used [0x00000000d5580000,0x00000000d5580000,0x00000000d6700000)
  from space 1024K, 53% used [0x00000000d6800000,0x00000000d6888000,0x00000000d6900000)
  to   space 1024K, 0% used [0x00000000d6700000,0x00000000d6700000,0x00000000d6800000)
 ParOldGen       total 81920K, used 81418K [0x0000000080000000, 0x0000000085000000, 0x00000000d5580000)
  object space 81920K, 99% used [0x0000000080000000,0x0000000084f82b68,0x0000000085000000)
 Metaspace       used 67035K, committed 68544K, reserved 1114112K
  class space    used 6896K, committed 7552K, reserved 1048576K
}
Event: 112.467 GC heap before
{Heap before GC invocations=74 (full 3):
 PSYoungGen      total 18944K, used 18464K [0x00000000d5580000, 0x00000000d6900000, 0x0000000100000000)
  eden space 17920K, 100% used [0x00000000d5580000,0x00000000d6700000,0x00000000d6700000)
  from space 1024K, 53% used [0x00000000d6800000,0x00000000d6888000,0x00000000d6900000)
  to   space 1024K, 0% used [0x00000000d6700000,0x00000000d6700000,0x00000000d6800000)
 ParOldGen       total 81920K, used 81418K [0x0000000080000000, 0x0000000085000000, 0x00000000d5580000)
  object space 81920K, 99% used [0x0000000080000000,0x0000000084f82b68,0x0000000085000000)
 Metaspace       used 67071K, committed 68608K, reserved 1114112K
  class space    used 6900K, committed 7552K, reserved 1048576K
}
Event: 112.470 GC heap after
{Heap after GC invocations=74 (full 3):
 PSYoungGen      total 18944K, used 465K [0x00000000d5580000, 0x00000000d6880000, 0x0000000100000000)
  eden space 17920K, 0% used [0x00000000d5580000,0x00000000d5580000,0x00000000d6700000)
  from space 1024K, 45% used [0x00000000d6700000,0x00000000d6774400,0x00000000d6800000)
  to   space 512K, 0% used [0x00000000d6800000,0x00000000d6800000,0x00000000d6880000)
 ParOldGen       total 81920K, used 81826K [0x0000000080000000, 0x0000000085000000, 0x00000000d5580000)
  object space 81920K, 99% used [0x0000000080000000,0x0000000084fe8b68,0x0000000085000000)
 Metaspace       used 67071K, committed 68608K, reserved 1114112K
  class space    used 6900K, committed 7552K, reserved 1048576K
}
Event: 112.530 GC heap before
{Heap before GC invocations=75 (full 3):
 PSYoungGen      total 18944K, used 18385K [0x00000000d5580000, 0x00000000d6880000, 0x0000000100000000)
  eden space 17920K, 100% used [0x00000000d5580000,0x00000000d6700000,0x00000000d6700000)
  from space 1024K, 45% used [0x00000000d6700000,0x00000000d6774400,0x00000000d6800000)
  to   space 512K, 0% used [0x00000000d6800000,0x00000000d6800000,0x00000000d6880000)
 ParOldGen       total 81920K, used 81826K [0x0000000080000000, 0x0000000085000000, 0x00000000d5580000)
  object space 81920K, 99% used [0x0000000080000000,0x0000000084fe8b68,0x0000000085000000)
 Metaspace       used 67080K, committed 68608K, reserved 1114112K
  class space    used 6900K, committed 7552K, reserved 1048576K
}
Event: 112.532 GC heap after
{Heap after GC invocations=75 (full 3):
 PSYoungGen      total 18432K, used 448K [0x00000000d5580000, 0x00000000d6880000, 0x0000000100000000)
  eden space 17920K, 0% used [0x00000000d5580000,0x00000000d5580000,0x00000000d6700000)
  from space 512K, 87% used [0x00000000d6800000,0x00000000d6870000,0x00000000d6880000)
  to   space 512K, 0% used [0x00000000d6780000,0x00000000d6780000,0x00000000d6800000)
 ParOldGen       total 82432K, used 82114K [0x0000000080000000, 0x0000000085080000, 0x00000000d5580000)
  object space 82432K, 99% used [0x0000000080000000,0x00000000850309c0,0x0000000085080000)
 Metaspace       used 67080K, committed 68608K, reserved 1114112K
  class space    used 6900K, committed 7552K, reserved 1048576K
}
Event: 112.651 GC heap before
{Heap before GC invocations=76 (full 3):
 PSYoungGen      total 18432K, used 18368K [0x00000000d5580000, 0x00000000d6880000, 0x0000000100000000)
  eden space 17920K, 100% used [0x00000000d5580000,0x00000000d6700000,0x00000000d6700000)
  from space 512K, 87% used [0x00000000d6800000,0x00000000d6870000,0x00000000d6880000)
  to   space 512K, 0% used [0x00000000d6780000,0x00000000d6780000,0x00000000d6800000)
 ParOldGen       total 82432K, used 82114K [0x0000000080000000, 0x0000000085080000, 0x00000000d5580000)
  object space 82432K, 99% used [0x0000000080000000,0x00000000850309c0,0x0000000085080000)
 Metaspace       used 67145K, committed 68736K, reserved 1114112K
  class space    used 6903K, committed 7616K, reserved 1048576K
}
Event: 112.653 GC heap after
{Heap after GC invocations=76 (full 3):
 PSYoungGen      total 18432K, used 512K [0x00000000d5580000, 0x00000000d6900000, 0x0000000100000000)
  eden space 17920K, 0% used [0x00000000d5580000,0x00000000d5580000,0x00000000d6700000)
  from space 512K, 100% used [0x00000000d6780000,0x00000000d6800000,0x00000000d6800000)
  to   space 1024K, 0% used [0x00000000d6800000,0x00000000d6800000,0x00000000d6900000)
 ParOldGen       total 82432K, used 82410K [0x0000000080000000, 0x0000000085080000, 0x00000000d5580000)
  object space 82432K, 99% used [0x0000000080000000,0x000000008507a9c0,0x0000000085080000)
 Metaspace       used 67145K, committed 68736K, reserved 1114112K
  class space    used 6903K, committed 7616K, reserved 1048576K
}
Event: 112.762 GC heap before
{Heap before GC invocations=77 (full 3):
 PSYoungGen      total 18432K, used 18432K [0x00000000d5580000, 0x00000000d6900000, 0x0000000100000000)
  eden space 17920K, 100% used [0x00000000d5580000,0x00000000d6700000,0x00000000d6700000)
  from space 512K, 100% used [0x00000000d6780000,0x00000000d6800000,0x00000000d6800000)
  to   space 1024K, 0% used [0x00000000d6800000,0x00000000d6800000,0x00000000d6900000)
 ParOldGen       total 82432K, used 82410K [0x0000000080000000, 0x0000000085080000, 0x00000000d5580000)
  object space 82432K, 99% used [0x0000000080000000,0x000000008507a9c0,0x0000000085080000)
 Metaspace       used 67195K, committed 68800K, reserved 1114112K
  class space    used 6905K, committed 7616K, reserved 1048576K
}
Event: 112.764 GC heap after
{Heap after GC invocations=77 (full 3):
 PSYoungGen      total 18944K, used 622K [0x00000000d5580000, 0x00000000d6900000, 0x0000000100000000)
  eden space 17920K, 0% used [0x00000000d5580000,0x00000000d5580000,0x00000000d6700000)
  from space 1024K, 60% used [0x00000000d6800000,0x00000000d689bb00,0x00000000d6900000)
  to   space 1024K, 0% used [0x00000000d6700000,0x00000000d6700000,0x00000000d6800000)
 ParOldGen       total 82944K, used 82757K [0x0000000080000000, 0x0000000085100000, 0x00000000d5580000)
  object space 82944K, 99% used [0x0000000080000000,0x00000000850d15c8,0x0000000085100000)
 Metaspace       used 67195K, committed 68800K, reserved 1114112K
  class space    used 6905K, committed 7616K, reserved 1048576K
}
Event: 112.857 GC heap before
{Heap before GC invocations=78 (full 3):
 PSYoungGen      total 18944K, used 18542K [0x00000000d5580000, 0x00000000d6900000, 0x0000000100000000)
  eden space 17920K, 100% used [0x00000000d5580000,0x00000000d6700000,0x00000000d6700000)
  from space 1024K, 60% used [0x00000000d6800000,0x00000000d689bb00,0x00000000d6900000)
  to   space 1024K, 0% used [0x00000000d6700000,0x00000000d6700000,0x00000000d6800000)
 ParOldGen       total 82944K, used 82757K [0x0000000080000000, 0x0000000085100000, 0x00000000d5580000)
  object space 82944K, 99% used [0x0000000080000000,0x00000000850d15c8,0x0000000085100000)
 Metaspace       used 67208K, committed 68800K, reserved 1114112K
  class space    used 6907K, committed 7616K, reserved 1048576K
}

