# JRE version: OpenJDK Runtime Environment Temurin-21.0.10+7 (21.0.10+7) (build 21.0.10+7-LTS)
# Java VM: OpenJDK 64-Bit Server VM Temurin-21.0.10+7 (21.0.10+7-LTS, mixed mode, sharing, tiered, compressed oops, compressed class ptrs, parallel gc, windows-amd64)
GC Precious Log:
 CardTable entry size: 512
 CPUs: 8 total, 8 available
 Memory: 7865M
 Large Page Support: Disabled
 NUMA Support: Disabled
 Compressed Oops: Enabled (32-bit)
 Alignments: Space 512K, Generation 512K, Heap 2M
 Heap Min Capacity: 100M
 Heap Initial Capacity: 100M
 Heap Max Capacity: 2G
 Pre-touch: Disabled
 Parallel Workers: 8
Heap:
 PSYoungGen      total 9216K, used 965K [0x00000000d5580000, 0x00000000d6080000, 0x0000000100000000)
  eden space 8704K, 7% used [0x00000000d5580000,0x00000000d5621528,0x00000000d5e00000)
  from space 512K, 62% used [0x00000000d6000000,0x00000000d6050000,0x00000000d6080000)
  to   space 512K, 0% used [0x00000000d5f80000,0x00000000d5f80000,0x00000000d6000000)
 ParOldGen       total 113664K, used 113617K [0x0000000080000000, 0x0000000086f00000, 0x00000000d5580000)
  object space 113664K, 99% used [0x0000000080000000,0x0000000086ef4670,0x0000000086f00000)
 Metaspace       used 74325K, committed 75968K, reserved 1179648K
  class space    used 7616K, committed 8384K, reserved 1048576K
GC Heap History (20 events):
Event: 138.405 GC heap before
{Heap before GC invocations=148 (full 3):
 PSYoungGen      total 10240K, used 10075K [0x00000000d5580000, 0x00000000d6400000, 0x0000000100000000)
  eden space 8704K, 100% used [0x00000000d5580000,0x00000000d5e00000,0x00000000d5e00000)
  from space 1536K, 89% used [0x00000000d6280000,0x00000000d63d6d60,0x00000000d6400000)
  to   space 2560K, 0% used [0x00000000d5f00000,0x00000000d5f00000,0x00000000d6180000)
 ParOldGen       total 108544K, used 108118K [0x0000000080000000, 0x0000000086a00000, 0x00000000d5580000)
  object space 108544K, 99% used [0x0000000080000000,0x0000000086995b78,0x0000000086a00000)
 Metaspace       used 72026K, committed 73600K, reserved 1179648K
  class space    used 7402K, committed 8064K, reserved 1048576K
}
Event: 138.424 GC heap after
{Heap after GC invocations=148 (full 3):
 PSYoungGen      total 10240K, used 1473K [0x00000000d5580000, 0x00000000d6300000, 0x0000000100000000)
  eden space 8704K, 0% used [0x00000000d5580000,0x00000000d5580000,0x00000000d5e00000)
  from space 1536K, 95% used [0x00000000d5f00000,0x00000000d6070600,0x00000000d6080000)
  to   space 2048K, 0% used [0x00000000d6100000,0x00000000d6100000,0x00000000d6300000)
 ParOldGen       total 110592K, used 110123K [0x0000000080000000, 0x0000000086c00000, 0x00000000d5580000)
  object space 110592K, 99% used [0x0000000080000000,0x0000000086b8af60,0x0000000086c00000)
 Metaspace       used 72026K, committed 73600K, reserved 1179648K
  class space    used 7402K, committed 8064K, reserved 1048576K
}
Event: 138.540 GC heap before
{Heap before GC invocations=149 (full 3):
 PSYoungGen      total 10240K, used 10177K [0x00000000d5580000, 0x00000000d6300000, 0x0000000100000000)
  eden space 8704K, 100% used [0x00000000d5580000,0x00000000d5e00000,0x00000000d5e00000)
  from space 1536K, 95% used [0x00000000d5f00000,0x00000000d6070600,0x00000000d6080000)
  to   space 2048K, 0% used [0x00000000d6100000,0x00000000d6100000,0x00000000d6300000)
 ParOldGen       total 110592K, used 110123K [0x0000000080000000, 0x0000000086c00000, 0x00000000d5580000)
  object space 110592K, 99% used [0x0000000080000000,0x0000000086b8af60,0x0000000086c00000)
 Metaspace       used 72238K, committed 73856K, reserved 1179648K
  class space    used 7421K, committed 8128K, reserved 1048576K
}
Event: 138.543 GC heap after
{Heap after GC invocations=149 (full 3):
 PSYoungGen      total 9728K, used 842K [0x00000000d5580000, 0x00000000d6200000, 0x0000000100000000)
  eden space 8704K, 0% used [0x00000000d5580000,0x00000000d5580000,0x00000000d5e00000)
  from space 1024K, 82% used [0x00000000d6100000,0x00000000d61d2950,0x00000000d6200000)
  to   space 1536K, 0% used [0x00000000d5f00000,0x00000000d5f00000,0x00000000d6080000)
 ParOldGen       total 111616K, used 111428K [0x0000000080000000, 0x0000000086d00000, 0x00000000d5580000)
  object space 111616K, 99% used [0x0000000080000000,0x0000000086cd12b8,0x0000000086d00000)
 Metaspace       used 72238K, committed 73856K, reserved 1179648K
  class space    used 7421K, committed 8128K, reserved 1048576K
}
Event: 138.975 GC heap before
{Heap before GC invocations=150 (full 3):
 PSYoungGen      total 9728K, used 9546K [0x00000000d5580000, 0x00000000d6200000, 0x0000000100000000)
  eden space 8704K, 100% used [0x00000000d5580000,0x00000000d5e00000,0x00000000d5e00000)
  from space 1024K, 82% used [0x00000000d6100000,0x00000000d61d2950,0x00000000d6200000)
  to   space 1536K, 0% used [0x00000000d5f00000,0x00000000d5f00000,0x00000000d6080000)
 ParOldGen       total 111616K, used 111428K [0x0000000080000000, 0x0000000086d00000, 0x00000000d5580000)
  object space 111616K, 99% used [0x0000000080000000,0x0000000086cd12b8,0x0000000086d00000)
 Metaspace       used 72501K, committed 74112K, reserved 1179648K
  class space    used 7429K, committed 8128K, reserved 1048576K
}
Event: 138.978 GC heap after
{Heap after GC invocations=150 (full 3):
 PSYoungGen      total 10240K, used 511K [0x00000000d5580000, 0x00000000d6180000, 0x0000000100000000)
  eden space 8704K, 0% used [0x00000000d5580000,0x00000000d5580000,0x00000000d5e00000)
  from space 1536K, 33% used [0x00000000d5f00000,0x00000000d5f7ff70,0x00000000d6080000)
  to   space 1024K, 0% used [0x00000000d6080000,0x00000000d6080000,0x00000000d6180000)
 ParOldGen       total 112128K, used 112056K [0x0000000080000000, 0x0000000086d80000, 0x00000000d5580000)
  object space 112128K, 99% used [0x0000000080000000,0x0000000086d6e2c8,0x0000000086d80000)
 Metaspace       used 72501K, committed 74112K, reserved 1179648K
  class space    used 7429K, committed 8128K, reserved 1048576K
}
Event: 139.662 GC heap before
{Heap before GC invocations=151 (full 3):
 PSYoungGen      total 10240K, used 9215K [0x00000000d5580000, 0x00000000d6180000, 0x0000000100000000)
  eden space 8704K, 100% used [0x00000000d5580000,0x00000000d5e00000,0x00000000d5e00000)
  from space 1536K, 33% used [0x00000000d5f00000,0x00000000d5f7ff70,0x00000000d6080000)
  to   space 1024K, 0% used [0x00000000d6080000,0x00000000d6080000,0x00000000d6180000)
 ParOldGen       total 112128K, used 112056K [0x0000000080000000, 0x0000000086d80000, 0x00000000d5580000)
  object space 112128K, 99% used [0x0000000080000000,0x0000000086d6e2c8,0x0000000086d80000)
 Metaspace       used 73400K, committed 75008K, reserved 1179648K
  class space    used 7523K, committed 8256K, reserved 1048576K
}
Event: 139.664 GC heap after
{Heap after GC invocations=151 (full 3):
 PSYoungGen      total 9216K, used 512K [0x00000000d5580000, 0x00000000d6100000, 0x0000000100000000)
  eden space 8704K, 0% used [0x00000000d5580000,0x00000000d5580000,0x00000000d5e00000)
  from space 512K, 100% used [0x00000000d6080000,0x00000000d6100000,0x00000000d6100000)
  to   space 1024K, 0% used [0x00000000d5f00000,0x00000000d5f00000,0x00000000d6000000)
 ParOldGen       total 112640K, used 112256K [0x0000000080000000, 0x0000000086e00000, 0x00000000d5580000)
  object space 112640K, 99% used [0x0000000080000000,0x0000000086da02c8,0x0000000086e00000)
 Metaspace       used 73400K, committed 75008K, reserved 1179648K
  class space    used 7523K, committed 8256K, reserved 1048576K
}
Event: 141.789 GC heap before
{Heap before GC invocations=152 (full 3):
 PSYoungGen      total 9216K, used 9200K [0x00000000d5580000, 0x00000000d6100000, 0x0000000100000000)
  eden space 8704K, 99% used [0x00000000d5580000,0x00000000d5dfc2d0,0x00000000d5e00000)
  from space 512K, 100% used [0x00000000d6080000,0x00000000d6100000,0x00000000d6100000)
  to   space 1024K, 0% used [0x00000000d5f00000,0x00000000d5f00000,0x00000000d6000000)
 ParOldGen       total 112640K, used 112256K [0x0000000080000000, 0x0000000086e00000, 0x00000000d5580000)
  object space 112640K, 99% used [0x0000000080000000,0x0000000086da02c8,0x0000000086e00000)
 Metaspace       used 73702K, committed 75264K, reserved 1179648K
  class space    used 7572K, committed 8256K, reserved 1048576K
}
Event: 141.792 GC heap after
{Heap after GC invocations=152 (full 3):
 PSYoungGen      total 9728K, used 730K [0x00000000d5580000, 0x00000000d6100000, 0x0000000100000000)
  eden space 8704K, 0% used [0x00000000d5580000,0x00000000d5580000,0x00000000d5e00000)
  from space 1024K, 71% used [0x00000000d5f00000,0x00000000d5fb68e0,0x00000000d6000000)
  to   space 1024K, 0% used [0x00000000d6000000,0x00000000d6000000,0x00000000d6100000)
 ParOldGen       total 113152K, used 112684K [0x0000000080000000, 0x0000000086e80000, 0x00000000d5580000)
  object space 113152K, 99% used [0x0000000080000000,0x0000000086e0b2d8,0x0000000086e80000)
 Metaspace       used 73702K, committed 75264K, reserved 1179648K
  class space    used 7572K, committed 8256K, reserved 1048576K
}
Event: 141.914 GC heap before
{Heap before GC invocations=153 (full 3):
 PSYoungGen      total 9728K, used 9427K [0x00000000d5580000, 0x00000000d6100000, 0x0000000100000000)
  eden space 8704K, 99% used [0x00000000d5580000,0x00000000d5dfe388,0x00000000d5e00000)
  from space 1024K, 71% used [0x00000000d5f00000,0x00000000d5fb68e0,0x00000000d6000000)
  to   space 1024K, 0% used [0x00000000d6000000,0x00000000d6000000,0x00000000d6100000)
 ParOldGen       total 113152K, used 112684K [0x0000000080000000, 0x0000000086e80000, 0x00000000d5580000)
  object space 113152K, 99% used [0x0000000080000000,0x0000000086e0b2d8,0x0000000086e80000)
 Metaspace       used 73706K, committed 75264K, reserved 1179648K
  class space    used 7572K, committed 8256K, reserved 1048576K
}
Event: 141.915 GC heap after
{Heap after GC invocations=153 (full 3):
 PSYoungGen      total 9216K, used 256K [0x00000000d5580000, 0x00000000d6080000, 0x0000000100000000)
  eden space 8704K, 0% used [0x00000000d5580000,0x00000000d5580000,0x00000000d5e00000)
  from space 512K, 50% used [0x00000000d6000000,0x00000000d6040000,0x00000000d6080000)
  to   space 512K, 0% used [0x00000000d5f80000,0x00000000d5f80000,0x00000000d6000000)
 ParOldGen       total 113152K, used 113145K [0x0000000080000000, 0x0000000086e80000, 0x00000000d5580000)
  object space 113152K, 99% used [0x0000000080000000,0x0000000086e7e4f8,0x0000000086e80000)
 Metaspace       used 73706K, committed 75264K, reserved 1179648K
  class space    used 7572K, committed 8256K, reserved 1048576K
}
Event: 142.145 GC heap before
{Heap before GC invocations=154 (full 3):
 PSYoungGen      total 9216K, used 8939K [0x00000000d5580000, 0x00000000d6080000, 0x0000000100000000)
  eden space 8704K, 99% used [0x00000000d5580000,0x00000000d5dfac70,0x00000000d5e00000)
  from space 512K, 50% used [0x00000000d6000000,0x00000000d6040000,0x00000000d6080000)
  to   space 512K, 0% used [0x00000000d5f80000,0x00000000d5f80000,0x00000000d6000000)
 ParOldGen       total 113152K, used 113145K [0x0000000080000000, 0x0000000086e80000, 0x00000000d5580000)
  object space 113152K, 99% used [0x0000000080000000,0x0000000086e7e4f8,0x0000000086e80000)
 Metaspace       used 73709K, committed 75264K, reserved 1179648K
  class space    used 7572K, committed 8256K, reserved 1048576K
}
Event: 142.146 GC heap after
{Heap after GC invocations=154 (full 3):
 PSYoungGen      total 9216K, used 192K [0x00000000d5580000, 0x00000000d6080000, 0x0000000100000000)
  eden space 8704K, 0% used [0x00000000d5580000,0x00000000d5580000,0x00000000d5e00000)
  from space 512K, 37% used [0x00000000d5f80000,0x00000000d5fb0000,0x00000000d6000000)
  to   space 512K, 0% used [0x00000000d6000000,0x00000000d6000000,0x00000000d6080000)
 ParOldGen       total 113664K, used 113193K [0x0000000080000000, 0x0000000086f00000, 0x00000000d5580000)
  object space 113664K, 99% used [0x0000000080000000,0x0000000086e8a4f8,0x0000000086f00000)
 Metaspace       used 73709K, committed 75264K, reserved 1179648K
  class space    used 7572K, committed 8256K, reserved 1048576K
}
Event: 143.638 GC heap before
{Heap before GC invocations=155 (full 3):
 PSYoungGen      total 9216K, used 8896K [0x00000000d5580000, 0x00000000d6080000, 0x0000000100000000)
  eden space 8704K, 100% used [0x00000000d5580000,0x00000000d5e00000,0x00000000d5e00000)
  from space 512K, 37% used [0x00000000d5f80000,0x00000000d5fb0000,0x00000000d6000000)
  to   space 512K, 0% used [0x00000000d6000000,0x00000000d6000000,0x00000000d6080000)
 ParOldGen       total 113664K, used 113193K [0x0000000080000000, 0x0000000086f00000, 0x00000000d5580000)
  object space 113664K, 99% used [0x0000000080000000,0x0000000086e8a4f8,0x0000000086f00000)
 Metaspace       used 73828K, committed 75392K, reserved 1179648K
  class space    used 7580K, committed 8256K, reserved 1048576K
}
Event: 143.640 GC heap after
{Heap after GC invocations=155 (full 3):
 PSYoungGen      total 9216K, used 352K [0x00000000d5580000, 0x00000000d6080000, 0x0000000100000000)
  eden space 8704K, 0% used [0x00000000d5580000,0x00000000d5580000,0x00000000d5e00000)
  from space 512K, 68% used [0x00000000d6000000,0x00000000d6058000,0x00000000d6080000)
  to   space 512K, 0% used [0x00000000d5f80000,0x00000000d5f80000,0x00000000d6000000)
 ParOldGen       total 113664K, used 113273K [0x0000000080000000, 0x0000000086f00000, 0x00000000d5580000)
  object space 113664K, 99% used [0x0000000080000000,0x0000000086e9e4f8,0x0000000086f00000)
 Metaspace       used 73828K, committed 75392K, reserved 1179648K
  class space    used 7580K, committed 8256K, reserved 1048576K
}
Event: 203.314 GC heap before
{Heap before GC invocations=156 (full 3):
 PSYoungGen      total 9216K, used 9056K [0x00000000d5580000, 0x00000000d6080000, 0x0000000100000000)
  eden space 8704K, 100% used [0x00000000d5580000,0x00000000d5e00000,0x00000000d5e00000)
  from space 512K, 68% used [0x00000000d6000000,0x00000000d6058000,0x00000000d6080000)
  to   space 512K, 0% used [0x00000000d5f80000,0x00000000d5f80000,0x00000000d6000000)
 ParOldGen       total 113664K, used 113273K [0x0000000080000000, 0x0000000086f00000, 0x00000000d5580000)
  object space 113664K, 99% used [0x0000000080000000,0x0000000086e9e4f8,0x0000000086f00000)
 Metaspace       used 73905K, committed 75520K, reserved 1179648K
  class space    used 7585K, committed 8320K, reserved 1048576K
}
Event: 203.382 GC heap after
{Heap after GC invocations=156 (full 3):
 PSYoungGen      total 9216K, used 320K [0x00000000d5580000, 0x00000000d6080000, 0x0000000100000000)
  eden space 8704K, 0% used [0x00000000d5580000,0x00000000d5580000,0x00000000d5e00000)
  from space 512K, 62% used [0x00000000d5f80000,0x00000000d5fd0000,0x00000000d6000000)
  to   space 512K, 0% used [0x00000000d6000000,0x00000000d6000000,0x00000000d6080000)
 ParOldGen       total 113664K, used 113415K [0x0000000080000000, 0x0000000086f00000, 0x00000000d5580000)
  object space 113664K, 99% used [0x0000000080000000,0x0000000086ec1cb0,0x0000000086f00000)
 Metaspace       used 73905K, committed 75520K, reserved 1179648K
  class space    used 7585K, committed 8320K, reserved 1048576K
}
Event: 515.687 GC heap before
{Heap before GC invocations=157 (full 3):
 PSYoungGen      total 9216K, used 9024K [0x00000000d5580000, 0x00000000d6080000, 0x0000000100000000)
  eden space 8704K, 100% used [0x00000000d5580000,0x00000000d5e00000,0x00000000d5e00000)
  from space 512K, 62% used [0x00000000d5f80000,0x00000000d5fd0000,0x00000000d6000000)
  to   space 512K, 0% used [0x00000000d6000000,0x00000000d6000000,0x00000000d6080000)
 ParOldGen       total 113664K, used 113415K [0x0000000080000000, 0x0000000086f00000, 0x00000000d5580000)
  object space 113664K, 99% used [0x0000000080000000,0x0000000086ec1cb0,0x0000000086f00000)
 Metaspace       used 74317K, committed 75968K, reserved 1179648K
  class space    used 7616K, committed 8384K, reserved 1048576K
}
Event: 515.765 GC heap after
{Heap after GC invocations=157 (full 3):
 PSYoungGen      total 9216K, used 320K [0x00000000d5580000, 0x00000000d6080000, 0x0000000100000000)
  eden space 8704K, 0% used [0x00000000d5580000,0x00000000d5580000,0x00000000d5e00000)
  from space 512K, 62% used [0x00000000d6000000,0x00000000d6050000,0x00000000d6080000)
  to   space 512K, 0% used [0x00000000d5f80000,0x00000000d5f80000,0x00000000d6000000)
 ParOldGen       total 113664K, used 113617K [0x0000000080000000, 0x0000000086f00000, 0x00000000d5580000)
  object space 113664K, 99% used [0x0000000080000000,0x0000000086ef4670,0x0000000086f00000)
 Metaspace       used 74317K, committed 75968K, reserved 1179648K
  class space    used 7616K, committed 8384K, reserved 1048576K
}

